  Bob.cpp
  Draw.cpp
  Engine.cpp
D:\VS Project\ThomasWasLate\Engine.cpp(7,44): warning C4244: '=': conversion from 'unsigned int' to 'T', possible loss of data
          with
          [
              T=float
          ]
D:\VS Project\ThomasWasLate\Engine.cpp(8,44): warning C4244: '=': conversion from 'unsigned int' to 'T', possible loss of data
          with
          [
              T=float
          ]
D:\VS Project\ThomasWasLate\Engine.cpp(9,52): warning C4244: 'argument': conversion from 'T' to 'unsigned int', possible loss of data
          with
          [
              T=float
          ]
D:\VS Project\ThomasWasLate\Engine.cpp(9,38): warning C4244: 'argument': conversion from 'T' to 'unsigned int', possible loss of data
          with
          [
              T=float
          ]
D:\VS Project\ThomasWasLate\Engine.cpp(16,58): warning C4305: 'argument': truncation from 'double' to 'T'
          with
          [
              T=float
          ]
D:\VS Project\ThomasWasLate\Engine.cpp(16,51): warning C4305: 'argument': truncation from 'double' to 'T'
          with
          [
              T=float
          ]
  Input.cpp
  Thomas.cpp
D:\VS Project\ThomasWasLate\Thomas.cpp(7,19): warning C4305: '=': truncation from 'double' to 'float'
  ThomasWasLate.cpp
  Update.cpp
D:\VS Project\ThomasWasLate\Update.cpp(15,34): warning C4244: 'argument': conversion from 'const int' to 'float', possible loss of data
  Generating Code...
  ThomasWasLate.vcxproj -> D:\VS Project\ThomasWasLate\Debug\ThomasWasLate.exe
